Traceback (most recent call last):
  File "c:\users\bosem\anaconda3\lib\site-packages\jupyter_cache\executors\utils.py", line 56, in single_nb_execution
    record_timing=False,
  File "c:\users\bosem\anaconda3\lib\site-packages\nbclient\client.py", line 1093, in execute
    return NotebookClient(nb=nb, resources=resources, km=km, **kwargs).execute()
  File "c:\users\bosem\anaconda3\lib\site-packages\nbclient\util.py", line 84, in wrapped
    return just_run(coro(*args, **kwargs))
  File "c:\users\bosem\anaconda3\lib\site-packages\nbclient\util.py", line 62, in just_run
    return loop.run_until_complete(coro)
  File "c:\users\bosem\anaconda3\lib\asyncio\base_events.py", line 583, in run_until_complete
    return future.result()
  File "c:\users\bosem\anaconda3\lib\site-packages\nbclient\client.py", line 560, in async_execute
    cell, index, execution_count=self.code_cells_executed + 1
  File "c:\users\bosem\anaconda3\lib\site-packages\nbclient\client.py", line 854, in async_execute_cell
    self._check_raise_for_error(cell, exec_reply)
  File "c:\users\bosem\anaconda3\lib\site-packages\nbclient\client.py", line 756, in _check_raise_for_error
    raise CellExecutionError.from_cell_and_msg(cell, exec_reply_content)
nbclient.exceptions.CellExecutionError: An error occurred while executing the following cell:
------------------
df = pd.read_csv('fbrefshootingdata.csv', encoding='utf-8-sig')
df = df[(df.npG >= 1) & (df.Shots >= 10)].reset_index(drop=True)
df['Conv'] = df['npG']/df['Shots']
bf = beta.fit(df['Conv'], floc=0, fscale=1)
df['Eb_Conv'] = (df['npG']+bf[0])/(df['Shots']+bf[0]+bf[1])

fig,ax = plt.subplots()

def distribution_plotter(a, b, ax, label, color, ls):
    x = np.linspace(0,1,100)
    y = beta.pdf(x, a, b)
    ax.plot(x,y,label=label,ls=ls,color=color)

distribution_plotter(bf[0], bf[1], ax, 'prior beta model', 'k', '--') 
for player,color in zip(['Lionel Messi','Cristiano Ronaldo','Lewandowski'],['r','b','pink']):
    dfp = df[df.Player.str.contains(player)]
    a = dfp['npG'] + bf[0]
    b = dfp['Shots'] + bf[1] - dfp['npG']
    distribution_plotter(a, b, ax, player, color, '-')

ax.set_xlabel('Shot Conversion Rate');
ax.set_ylabel('Density');
ax.legend();
------------------

[1;31m---------------------------------------------------------------------------[0m
[1;31mFileNotFoundError[0m                         Traceback (most recent call last)
[1;32m<ipython-input-2-924e6c60c618>[0m in [0;36m<module>[1;34m[0m
[1;32m----> 1[1;33m [0mdf[0m [1;33m=[0m [0mpd[0m[1;33m.[0m[0mread_csv[0m[1;33m([0m[1;34m'fbrefshootingdata.csv'[0m[1;33m,[0m [0mencoding[0m[1;33m=[0m[1;34m'utf-8-sig'[0m[1;33m)[0m[1;33m[0m[1;33m[0m[0m
[0m[0;32m      2[0m [0mdf[0m [1;33m=[0m [0mdf[0m[1;33m[[0m[1;33m([0m[0mdf[0m[1;33m.[0m[0mnpG[0m [1;33m>=[0m [1;36m1[0m[1;33m)[0m [1;33m&[0m [1;33m([0m[0mdf[0m[1;33m.[0m[0mShots[0m [1;33m>=[0m [1;36m10[0m[1;33m)[0m[1;33m][0m[1;33m.[0m[0mreset_index[0m[1;33m([0m[0mdrop[0m[1;33m=[0m[1;32mTrue[0m[1;33m)[0m[1;33m[0m[1;33m[0m[0m
[0;32m      3[0m [0mdf[0m[1;33m[[0m[1;34m'Conv'[0m[1;33m][0m [1;33m=[0m [0mdf[0m[1;33m[[0m[1;34m'npG'[0m[1;33m][0m[1;33m/[0m[0mdf[0m[1;33m[[0m[1;34m'Shots'[0m[1;33m][0m[1;33m[0m[1;33m[0m[0m
[0;32m      4[0m [0mbf[0m [1;33m=[0m [0mbeta[0m[1;33m.[0m[0mfit[0m[1;33m([0m[0mdf[0m[1;33m[[0m[1;34m'Conv'[0m[1;33m][0m[1;33m,[0m [0mfloc[0m[1;33m=[0m[1;36m0[0m[1;33m,[0m [0mfscale[0m[1;33m=[0m[1;36m1[0m[1;33m)[0m[1;33m[0m[1;33m[0m[0m
[0;32m      5[0m [0mdf[0m[1;33m[[0m[1;34m'Eb_Conv'[0m[1;33m][0m [1;33m=[0m [1;33m([0m[0mdf[0m[1;33m[[0m[1;34m'npG'[0m[1;33m][0m[1;33m+[0m[0mbf[0m[1;33m[[0m[1;36m0[0m[1;33m][0m[1;33m)[0m[1;33m/[0m[1;33m([0m[0mdf[0m[1;33m[[0m[1;34m'Shots'[0m[1;33m][0m[1;33m+[0m[0mbf[0m[1;33m[[0m[1;36m0[0m[1;33m][0m[1;33m+[0m[0mbf[0m[1;33m[[0m[1;36m1[0m[1;33m][0m[1;33m)[0m[1;33m[0m[1;33m[0m[0m

[1;32m~\anaconda3\lib\site-packages\pandas\io\parsers.py[0m in [0;36mread_csv[1;34m(filepath_or_buffer, sep, delimiter, header, names, index_col, usecols, squeeze, prefix, mangle_dupe_cols, dtype, engine, converters, true_values, false_values, skipinitialspace, skiprows, skipfooter, nrows, na_values, keep_default_na, na_filter, verbose, skip_blank_lines, parse_dates, infer_datetime_format, keep_date_col, date_parser, dayfirst, cache_dates, iterator, chunksize, compression, thousands, decimal, lineterminator, quotechar, quoting, doublequote, escapechar, comment, encoding, dialect, error_bad_lines, warn_bad_lines, delim_whitespace, low_memory, memory_map, float_precision)[0m
[0;32m    684[0m     )
[0;32m    685[0m [1;33m[0m[0m
[1;32m--> 686[1;33m     [1;32mreturn[0m [0m_read[0m[1;33m([0m[0mfilepath_or_buffer[0m[1;33m,[0m [0mkwds[0m[1;33m)[0m[1;33m[0m[1;33m[0m[0m
[0m[0;32m    687[0m [1;33m[0m[0m
[0;32m    688[0m [1;33m[0m[0m

[1;32m~\anaconda3\lib\site-packages\pandas\io\parsers.py[0m in [0;36m_read[1;34m(filepath_or_buffer, kwds)[0m
[0;32m    450[0m [1;33m[0m[0m
[0;32m    451[0m     [1;31m# Create the parser.[0m[1;33m[0m[1;33m[0m[1;33m[0m[0m
[1;32m--> 452[1;33m     [0mparser[0m [1;33m=[0m [0mTextFileReader[0m[1;33m([0m[0mfp_or_buf[0m[1;33m,[0m [1;33m**[0m[0mkwds[0m[1;33m)[0m[1;33m[0m[1;33m[0m[0m
[0m[0;32m    453[0m [1;33m[0m[0m
[0;32m    454[0m     [1;32mif[0m [0mchunksize[0m [1;32mor[0m [0miterator[0m[1;33m:[0m[1;33m[0m[1;33m[0m[0m

[1;32m~\anaconda3\lib\site-packages\pandas\io\parsers.py[0m in [0;36m__init__[1;34m(self, f, engine, **kwds)[0m
[0;32m    944[0m             [0mself[0m[1;33m.[0m[0moptions[0m[1;33m[[0m[1;34m"has_index_names"[0m[1;33m][0m [1;33m=[0m [0mkwds[0m[1;33m[[0m[1;34m"has_index_names"[0m[1;33m][0m[1;33m[0m[1;33m[0m[0m
[0;32m    945[0m [1;33m[0m[0m
[1;32m--> 946[1;33m         [0mself[0m[1;33m.[0m[0m_make_engine[0m[1;33m([0m[0mself[0m[1;33m.[0m[0mengine[0m[1;33m)[0m[1;33m[0m[1;33m[0m[0m
[0m[0;32m    947[0m [1;33m[0m[0m
[0;32m    948[0m     [1;32mdef[0m [0mclose[0m[1;33m([0m[0mself[0m[1;33m)[0m[1;33m:[0m[1;33m[0m[1;33m[0m[0m

[1;32m~\anaconda3\lib\site-packages\pandas\io\parsers.py[0m in [0;36m_make_engine[1;34m(self, engine)[0m
[0;32m   1176[0m     [1;32mdef[0m [0m_make_engine[0m[1;33m([0m[0mself[0m[1;33m,[0m [0mengine[0m[1;33m=[0m[1;34m"c"[0m[1;33m)[0m[1;33m:[0m[1;33m[0m[1;33m[0m[0m
[0;32m   1177[0m         [1;32mif[0m [0mengine[0m [1;33m==[0m [1;34m"c"[0m[1;33m:[0m[1;33m[0m[1;33m[0m[0m
[1;32m-> 1178[1;33m             [0mself[0m[1;33m.[0m[0m_engine[0m [1;33m=[0m [0mCParserWrapper[0m[1;33m([0m[0mself[0m[1;33m.[0m[0mf[0m[1;33m,[0m [1;33m**[0m[0mself[0m[1;33m.[0m[0moptions[0m[1;33m)[0m[1;33m[0m[1;33m[0m[0m
[0m[0;32m   1179[0m         [1;32melse[0m[1;33m:[0m[1;33m[0m[1;33m[0m[0m
[0;32m   1180[0m             [1;32mif[0m [0mengine[0m [1;33m==[0m [1;34m"python"[0m[1;33m:[0m[1;33m[0m[1;33m[0m[0m

[1;32m~\anaconda3\lib\site-packages\pandas\io\parsers.py[0m in [0;36m__init__[1;34m(self, src, **kwds)[0m
[0;32m   1989[0m         [1;32mif[0m [0mkwds[0m[1;33m.[0m[0mget[0m[1;33m([0m[1;34m"compression"[0m[1;33m)[0m [1;32mis[0m [1;32mNone[0m [1;32mand[0m [0mencoding[0m[1;33m:[0m[1;33m[0m[1;33m[0m[0m
[0;32m   1990[0m             [1;32mif[0m [0misinstance[0m[1;33m([0m[0msrc[0m[1;33m,[0m [0mstr[0m[1;33m)[0m[1;33m:[0m[1;33m[0m[1;33m[0m[0m
[1;32m-> 1991[1;33m                 [0msrc[0m [1;33m=[0m [0mopen[0m[1;33m([0m[0msrc[0m[1;33m,[0m [1;34m"rb"[0m[1;33m)[0m[1;33m[0m[1;33m[0m[0m
[0m[0;32m   1992[0m                 [0mself[0m[1;33m.[0m[0mhandles[0m[1;33m.[0m[0mappend[0m[1;33m([0m[0msrc[0m[1;33m)[0m[1;33m[0m[1;33m[0m[0m
[0;32m   1993[0m [1;33m[0m[0m

[1;31mFileNotFoundError[0m: [Errno 2] No such file or directory: 'fbrefshootingdata.csv'
FileNotFoundError: [Errno 2] No such file or directory: 'fbrefshootingdata.csv'

